INFO   - main args=/usr/bin/engauge /home/alex/Projects/uni/optics/ch2o/formaldehyde.svg
INFO   - MainWindow::MainWindow curDir=/home/alex/Projects/uni/optics/ch2o
INFO   - MainWindow::setCurrentFile
INFO   - MainWindow::updateWindowTitle
INFO   - CreateFacade::create
INFO   - CreateIcons::create
INFO   - CreateCentralWidget::create
INFO   - CreateActions::create
INFO   - CreateActions::createFile
INFO   - CreateActions::createEdit
INFO   - CreateActions::createDigitize
INFO   - CreateActions::createView
INFO   - CreateActions::createSettings
INFO   - CreateActions::createHelp
INFO   - CreateStatusBar::create
INFO   - CreateMenus::create
INFO   - MainWindow::updateRecentFileList
INFO   - CreateToolBars::create
INFO   - CreateDockableWidgets::create
INFO   - FittingWindow::resizeTable
INFO   - GeometryWindow::loadStrategies
INFO   - GeometryWindow::initializeHeader
INFO   - GeometryWindow::resizeTable
INFO   - CreateHelpWindow::create
INFO   - HelpBrowser::loadResource scheme=qthelp
INFO   - CreateTutorial::create
INFO   - TutorialDlg::createSceneAndView
INFO   - TutorialStateContext::createStates
INFO   - TutorialStateChecklistWizardLines::TutorialStateChecklistWizardLines
INFO   - TutorialStateChecklistWizardPoints::TutorialStateChecklistWizardPoints
INFO   - TutorialStateColorFilter::TutorialStateColorFilter
INFO   - TutorialStateCurveSelection::TutorialStateCurveSelection
INFO   - TutorialStateCurveType::TutorialStateCurveType
INFO   - TutorialStateIntroduction::TutorialStateIntroduction
INFO   - TutorialStatePointMatch::TutorialStatePointMatch
INFO   - TutorialStateSegmentFill::TutorialStateSegmentFill
INFO   - TutorialStateContext::requestImmediateStateTransition
INFO   - TutorialStateIntroduction::begin ()
INFO   - TutorialStateContext::createTimer
INFO   - CreateScene::create
INFO   - CreateNetwork::create
INFO   - CreateLoadImage::create
INFO   - CreateStateContexts::create
INFO   - BackgroundStateContext::BackgroundStateContext
INFO   - BackgroundStateContext::requestStateTransition
INFO   - BackgroundStateContext::completeRequestedStateTransitionIfExists
INFO   - BackgroundStateUnloaded::begin
INFO   - DigitizeStateEmpty::begin
INFO   - ViewPointStyle::unsetPointStyle
INFO   - MainWindow::updateDigitizeStateIfSoftwareTriggered
INFO   - CreateSettingsDialogs::create
INFO   - DlgSettingsAbstractBase::DlgSettingsAbstractBase name=DlgSettingsCoords
INFO   - DlgSettingsCoords::DlgSettingsCoords
INFO   - DlgSettingsCoords::createSubPanel
INFO   - DlgSettingsCoords::createGroupCoordsType
INFO   - DlgSettingsCoords::createGroupXTheta
INFO   - DlgSettingsCoords::createGroupYRadius
INFO   - DlgSettingsCoords::createDateTime
INFO   - DlgSettingsCoords::createPreview
INFO   - DlgSettingsAbstractBase::DlgSettingsAbstractBase name=DlgSettingsCurveList
INFO   - DlgSettingsCurveList::DlgSettingsCurveList
INFO   - DlgSettingsCurveList::createSubPanel
INFO   - DlgSettingsCurveList::createListCurves
INFO   - DlgSettingsCurveList::createButtons
INFO   - DlgSettingsCurveList::createOptionalSaveDefault
INFO   - DlgSettingsAbstractBase::DlgSettingsAbstractBase name=DlgSettingsCurveProperties
INFO   - DlgSettingsCurveProperties::DlgSettingsCurveProperties
INFO   - DlgSettingsCurveProperties::createSubPanel
INFO   - DlgSettingsCurveProperties::createCurveName
INFO   - DlgSettingsCurveProperties::createPoint
INFO   - DlgSettingsCurveProperties::createLine
INFO   - DlgSettingsCurveProperties::createPreview
INFO   - DlgSettingsCurveProperties::createOptionalSaveDefault
INFO   - DlgSettingsAbstractBase::DlgSettingsAbstractBase name=DlgSettingsDigitizeCurve
INFO   - DlgSettingsDigitizeCurve::DlgSettingsDigitizeCurve
INFO   - DlgSettingsDigitizeCurve::createSubPanel
INFO   - DlgSettingsDigitizeCurve::createControls
INFO   - DlgSettingsDigitizeCurve::createPreview
INFO   - DlgSettingsAbstractBase::DlgSettingsAbstractBase name=DlgSettingsExportFormat
INFO   - DlgSettingsExportFormat::DlgSettingsExportFormat
INFO   - DlgSettingsExportFormat::createSubPanel
INFO   - DlgSettingsExportFormat::createCurveSelection
INFO   - DlgSettingsExportFormat::createTabWidget
INFO   - DlgSettingsExportFormat::createFunctionsPointsSelection
INFO   - DlgSettingsExportFormat::createRelationsPointsSelection
INFO   - DlgSettingsExportFormat::createDelimiters
INFO   - DlgSettingsExportFormat::createHeader
INFO   - DlgSettingsExportFormat::createXLabel
INFO   - DlgSettingsExportFormat::createFileLayout
INFO   - DlgSettingsExportFormat::createPreview
INFO   - DlgSettingsExportFormat::createOptionalSaveDefault
INFO   - DlgSettingsAbstractBase::DlgSettingsAbstractBase name=DlgSettingsColorFilter
INFO   - DlgSettingsColorFilter::DlgSettingsColorFilter
INFO   - DlgSettingsColorFilter::createSubPanel
INFO   - DlgSettingsColorFilter::createControls
INFO   - DlgSettingsColorFilter::createProfileAndScale
INFO   - DlgSettingsColorFilter::createPreview
INFO   - DlgSettingsAbstractBase::DlgSettingsAbstractBase name=DlgSettingsAxesChecker
INFO   - DlgSettingsAxesChecker::DlgSettingsAxesChecker
INFO   - DlgSettingsAxesChecker::createSubPanel
INFO   - DlgSettingsAxesChecker::createControls
INFO   - DlgSettingsAxesChecker::createPreview
INFO   - DlgSettingsAxesChecker::createPoints
INFO   - DlgSettingsAbstractBase::DlgSettingsAbstractBase name=DlgSettingsGridDisplay
INFO   - DlgSettingsGridDisplay::DlgSettingsGridDisplay
INFO   - DlgSettingsGridDisplay::createSubPanel
INFO   - DlgSettingsGridDisplay::createDisplayGridLinesX
INFO   - DlgSettingsGridDisplay::createDisplayGridLinesY
INFO   - DlgSettingsGridDisplay::createDisplayCommon
INFO   - DlgSettingsGridDisplay::createPreview
INFO   - DlgSettingsAbstractBase::DlgSettingsAbstractBase name=DlgSettingsGridRemoval
INFO   - DlgSettingsGridRemoval::DlgSettingsGridRemoval
INFO   - DlgSettingsGridRemoval::createSubPanel
INFO   - DlgSettingsGridRemoval::createRemoveGridLines
INFO   - DlgSettingsGridRemoval::createRemoveGridLinesX
INFO   - DlgSettingsGridRemoval::createRemoveGridLinesY
INFO   - DlgSettingsGridRemoval::createPreview
INFO   - DlgSettingsAbstractBase::DlgSettingsAbstractBase name=DlgSettingsPointMatch
INFO   - DlgSettingsPointMatch::DlgSettingsPointMatch
INFO   - DlgSettingsPointMatch::createSubPanel
INFO   - DlgSettingsPointMatch::createControls
INFO   - DlgSettingsPointMatch::createPreview
INFO   - DlgSettingsPointMatch::createTemplate
INFO   - DlgSettingsAbstractBase::DlgSettingsAbstractBase name=DlgSettingsSegments
INFO   - DlgSettingsSegments::DlgSettingsSegments
INFO   - DlgSettingsSegments::createSubPanel
INFO   - DlgSettingsSegments::createControls
INFO   - DlgSettingsSegments::createPreview
INFO   - DlgSettingsSegments::createPreviewImage
INFO   - DlgSettingsAbstractBase::DlgSettingsAbstractBase name=DlgSettingsGeneral
INFO   - DlgSettingsGeneral::DlgSettingsGeneral
INFO   - DlgSettingsGeneral::createSubPanel
INFO   - DlgSettingsGeneral::createControls
INFO   - DlgSettingsGeneral::createOptionalSaveDefault
INFO   - DlgSettingsAbstractBase::DlgSettingsAbstractBase name=DlgSettingsMainWindow
INFO   - DlgSettingsMainWindow::DlgSettingsMainWindow
INFO   - DlgSettingsMainWindow::createSubPanel
INFO   - DlgSettingsMainWindow::createControls
INFO   - DlgSettingsMainWindow::createOptionalSaveDefault
INFO   - CreateCommandStackShadow::create
INFO   - CmdStackShadow::CmdStackShadow
INFO   - CreateZoomMaps::create
INFO   - MainWindow::updateControls selectedItems=0
INFO   - MainWindow::slotViewToolBarChecklistGuide
INFO   - MainWindow::slotCmbBackground
INFO   - BackgroundStateContext::setBackgroundImage background=Filtered
INFO   - BackgroundStateContext::requestStateTransition
INFO   - BackgroundStateContext::completeRequestedStateTransitionIfExists
INFO   - BackgroundStateUnloaded::end
INFO   - BackgroundStateCurve::begin
INFO   - MainWindow::slotViewZoom
INFO   - MainWindow::slotViewZoomFactor
INFO   - StatusBar::slotZoom zoom=12
INFO   - MainWindow::updateSettingsMainWindow
INFO   - MainWindow::updateWindowTitle
INFO   - MainWindow::updateFittingWindow
INFO   - MainWindow::updateGeometryWindow
INFO   - MainWindow::setCurrentFile
INFO   - MainWindow::updateWindowTitle
INFO   - MainWindow::showEvent files=/home/alex/Projects/uni/optics/ch2o/formaldehyde.svg
INFO   - MainWindow::slotLoadStartupFiles
INFO   - LoadFileInfo::loadsAsDigFile
INFO   - CoordSystemContext::CoordSystemContext
INFO   - Document::Document fileName=/home/alex/Projects/uni/optics/ch2o/formaldehyde.svg
INFO   - Document::bytesIndicatePreVersion6
INFO   - Document::versionFromFile
INFO   - Document::loadVersion6
INFO   - CoordSystemContext::addCoordSystems numberToAdd=1
INFO   - CoordSystem::CoordSystem
INFO   - CoordSystemContext::~CoordSystemContext
INFO   - MainWindow::loadDocumentFile fileName=/home/alex/Projects/uni/optics/ch2o/formaldehyde.svg
INFO   - CoordSystemContext::CoordSystemContext
INFO   - Document::Document fileName=/home/alex/Projects/uni/optics/ch2o/formaldehyde.svg
INFO   - Document::bytesIndicatePreVersion6
INFO   - Document::versionFromFile
INFO   - Document::loadVersion6
INFO   - CoordSystemContext::addCoordSystems numberToAdd=1
INFO   - CoordSystem::CoordSystem
INFO   - CmdMediator::CmdMediator filename=/home/alex/Projects/uni/optics/ch2o/formaldehyde.svg
INFO   - MainWindow::rebuildRecentFileListForCurrentFile
INFO   - MainWindow::updateRecentFileList
INFO   - MainWindow::setupAfterLoadNewDocument file=/home/alex/Projects/uni/optics/ch2o/formaldehyde.svg message=File opened importType=0
INFO   - DigitizeStateContext::resetOnLoad
INFO   - DocumentModelColorFilter::DocumentModelColorFilter
INFO   - BackgroundStateContext::setCurveSelected curve=
INFO   - BackgroundStateCurve::setCurveSelected curve=
INFO   - BackgroundStateCurve::processImageFromSavedInputs
INFO   - BackgroundStateAbstractBase::setProcessedPixmap map=(0x0)
INFO   - BackgroundStateNone::setCurveSelected
INFO   - BackgroundStateOriginal::setCurveSelected
INFO   - BackgroundStateUnloaded::setCurveSelected
INFO   - Document::curvesGraphsNames
INFO   - CoordSystemContext::curvesGraphsNames
INFO   - MainWindow::setPixmap
INFO   - DigitizeStateContext::setImageIsLoaded
INFO   - DigitizeStateContext::setCursor
INFO   - DocumentModelColorFilter::DocumentModelColorFilter
INFO   - BackgroundStateContext::setPixmap image=0x0 currentState=BackgroundStateCurve
INFO   - BackgroundStateCurve::setPixmap
INFO   - BackgroundStateCurve::processImageFromSavedInputs
INFO   - DocumentModelColorFilter::high curve=Curve1 curves=Axes,Curve1
INFO   - DocumentModelColorFilter::low curve=Curve1 curves=Axes,Curve1
